0.4074671268463135                      0
0.31124234199523926                     2
0.3042581081390381                      4
0.552962064743042                       6
0.32338905334472656                     8
0.3739299774169922                      10
0.2862820625305176                      12
0.27391600608825684                     14
0.25345683097839355                     16
0.38959717750549316                     18
0.2351381778717041                      20
0.4102458953857422                      22
0.24554228782653809                     24
0.24517083168029785                     26
0.26306819915771484                     28
0.23151493072509766                     30
0.22779107093811035                     32
0.20425105094909668                     34
0.21008610725402832                     36
0.20104002952575684                     38
0.28072333335876465                     40
0.1778719425201416                      41
0.22540616989135742                     43
0.1752772331237793                      44
0.17428207397460938                     46
0.19348812103271484                     47
0.21967291831970215                     49
0.2795100212097168                      50
0.16101717948913574                     52
0.176192045211792                       54
0.1590561866760254                      56
0.2693607807159424                      58
0.13265490531921387                     60
0.18383383750915527                     62
0.1443190574645996                      64
0.1352250576019287                      65
0.13211917877197266                     66
0.14202880859375                        68
0.12463593482971191                     69
0.11386299133300781                     71
0.14768004417419434                     72
0.13227415084838867                     74
0.11705589294433594                     75
0.0973057746887207                      77
0.09373021125793457                     79
0.12224817276000977                     81
0.10424685478210449                     83
0.0933690071105957                      85
0.09415411949157715                     87
0.1094520092010498                      89
0.11084914207458496                     91
0.08316993713378906                     93
0.08259201049804688                     95
0.12883996963500977                     97
0.14836931228637695                     99
0.07819485664367676                     101
0.08258199691772461                     103
0.07613015174865723                     104
0.07298588752746582                     105
0.0849611759185791                      107
0.08806896209716797                     109
0.07583022117614746                     111
0.06466102600097656                     113
0.06082034111022949                     115
0.08412384986877441                     116
0.05794930458068848                     118
0.05710411071777344                     120
0.08049511909484863                     122
0.07412409782409668                     124
0.04577994346618652                     125
0.06086277961730957                     126
0.08163690567016602                     127
0.04874587059020996                     129
0.04709815979003906                     130
0.046459197998046875                    131
0.04141807556152344                     132
0.04325699806213379                     134
0.03374004364013672                     135
0.04334616661071777                     137
0.03934001922607422                     138
0.04535794258117676                     139
0.039237260818481445                    139
0.038610219955444336                    141
0.02791285514831543                     143
0.031040191650390625                    144
0.0541532039642334                      145
0.0498349666595459                      146
0.03257417678833008                     147
0.03190302848815918                     148
0.029280900955200195                    149
0.025178194046020508                    150
0.09415864944458008                     150
0.03396296501159668                     151
0.03170204162597656                     153
0.02989792823791504                     154
0.029118776321411133                    154
0.045120954513549805                    156
0.02763509750366211                     158
0.02771782875061035                     159
0.027358055114746094                    161
0.026229143142700195                    162
0.049810171127319336                    163
0.018419981002807617                    165
0.0185699462890625                      167
0.024015188217163086                    168
0.0272979736328125                      169
0.02592921257019043                     171
0.02243518829345703                     172
0.023028850555419922                    173
0.023786067962646484                    175
0.020628929138183594                    176
0.025664806365966797                    177
0.0140228271484375                      179
0.022634029388427734                    181
0.018476009368896484                    182
0.017160892486572266                    184
0.01710796356201172                     185
0.01556706428527832                     186
0.009621858596801758                    187
0.01278376579284668                     189
0.027281999588012695                    191
0.00858306884765625                     193
0.008793115615844727                    195
0.01450800895690918                     197
0.017846107482910156                    199
0.007316112518310547                    200
0.0062639713287353516                   202
0.0072078704833984375                   204
0.015686750411987305                    206
0.015279054641723633                    207
0.005075931549072266                    208
0.011473894119262695                    210
0.01252293586730957                     212
0.004106283187866211                    214
0.01098489761352539                     215
0.010722875595092773                    217
0.009779930114746094                    219
0.006043910980224609                    221
0.009120941162109375                    223
0.009882211685180664                    225
0.004173755645751953                    227
0.009573698043823242                    229
0.01671600341796875                     231
0.0047338008880615234                   233
0.0023050308227539062                   235
0.0068399906158447266                   237
0.009137153625488281                    239
0.008384943008422852                    241
0.0015537738800048828                   243
0.003509044647216797                    245
0.0032079219818115234                   247
0.0025300979614257812                   249
0.0016100406646728516                   251
0.0008020401000976562                   253
0.00022339820861816406                  255