 
     > Script Settings <
--------------------------------------------
> #Game Runs/Test Scenario:  10
> #Active Threads:  10
--------------------------------------------
 
     > Loaded Test Scenarios <
--------------------------------------------
> #Loaded Test Scenarios: 1

./boards/empty-2x3.txt
--------------------------------------------


=======================================================================================================
*** TEST SESSION (Time: 0.1, Scenario: "./boards/empty-2x3.txt", Agents: "team09_A3", "team09_A2") IN PROGRESS ***
> Finished running game 1 out of 10
> Finished running game 2 out of 10
> Finished running game 3 out of 10
> Finished running game 4 out of 10
> Finished running game 5 out of 10
> Finished running game 6 out of 10
> Finished running game 7 out of 10
> Finished running game 8 out of 10
> Finished running game 9 out of 10
> Finished running game 10 out of 10
*** RESULTS (Time: 0.1, Scenario: "./boards/empty-2x3.txt") ***
 
     > Overview <
----------------------
> #Game Runs:  10
> #team09_A3 Wins: 0
> #team09_A2 Wins: 10
> #Draws:  0
----------------------
 
   > Win Rates (%) <
----------------------
team09_A3: 0.00%
team09_A2: 100.00%
----------------------

=======================================================================================================
=======================================================================================================
*** TEST SESSION (Time: 0.5, Scenario: "./boards/empty-2x3.txt", Agents: "team09_A3", "team09_A2") IN PROGRESS ***
> Finished running game 1 out of 10
> Finished running game 2 out of 10
> Finished running game 3 out of 10
> Finished running game 4 out of 10
> Finished running game 5 out of 10
> Finished running game 6 out of 10
> Finished running game 7 out of 10
> Finished running game 8 out of 10
> Finished running game 9 out of 10
> Finished running game 10 out of 10
*** RESULTS (Time: 0.5, Scenario: "./boards/empty-2x3.txt") ***
 
     > Overview <
----------------------
> #Game Runs:  10
> #team09_A3 Wins: 2
> #team09_A2 Wins: 8
> #Draws:  0
----------------------
 
   > Win Rates (%) <
----------------------
team09_A3: 20.00%
team09_A2: 80.00%
----------------------

=======================================================================================================
=======================================================================================================
*** TEST SESSION (Time: 1, Scenario: "./boards/empty-2x3.txt", Agents: "team09_A3", "team09_A2") IN PROGRESS ***
> Finished running game 1 out of 10
> Finished running game 2 out of 10
> Finished running game 3 out of 10
> Finished running game 4 out of 10
> Finished running game 5 out of 10
> Finished running game 6 out of 10
> Finished running game 7 out of 10
> Finished running game 8 out of 10
> Finished running game 9 out of 10
> Finished running game 10 out of 10
*** RESULTS (Time: 1, Scenario: "./boards/empty-2x3.txt") ***
 
     > Overview <
----------------------
> #Game Runs:  10
> #team09_A3 Wins: 6
> #team09_A2 Wins: 4
> #Draws:  0
----------------------
 
   > Win Rates (%) <
----------------------
team09_A3: 60.00%
team09_A2: 40.00%
----------------------

=======================================================================================================
=======================================================================================================
*** TEST SESSION (Time: 5, Scenario: "./boards/empty-2x3.txt", Agents: "team09_A3", "team09_A2") IN PROGRESS ***
> Finished running game 1 out of 10
> Finished running game 2 out of 10
> Finished running game 3 out of 10
> Finished running game 4 out of 10
> Finished running game 5 out of 10
> Finished running game 6 out of 10
> Finished running game 7 out of 10
> Finished running game 8 out of 10
> Finished running game 9 out of 10
> Finished running game 10 out of 10
*** RESULTS (Time: 5, Scenario: "./boards/empty-2x3.txt") ***
 
     > Overview <
----------------------
> #Game Runs:  10
> #team09_A3 Wins: 4
> #team09_A2 Wins: 3
> #Draws:  3
----------------------
 
   > Win Rates (%) <
----------------------
team09_A3: 40.00%
team09_A2: 30.00%
----------------------

=======================================================================================================
